{"name": "test_empty_both_fields", "status": "failed", "statusDetails": {"message": "AssertionError: Both fields should show 'Required' validation errors!\nassert 0 == 2\n +  where 0 = len([])", "trace": "driver = <selenium.webdriver.chrome.webdriver.WebDriver (session=\"778ccd26b84c29052f94b730513be3c9\")>\n\n    @pytest.mark.negative\n    def test_empty_both_fields(driver):\n        login_page = LoginPage(driver)\n    \n        login_page.open(\"https://opensource-demo.orangehrmlive.com/web/index.php/auth/login\")\n        login_page.login(credentials[\"empty_both\"][\"username\"], credentials[\"empty_both\"][\"password\"])\n    \n        errors = login_page.get_required_error()\n>       assert len(errors) == 2, \"Both fields should show 'Required' validation errors!\"\nE       AssertionError: Both fields should show 'Required' validation errors!\nE       assert 0 == 2\nE        +  where 0 = len([])\n\ntests\\test_login.py:67: AssertionError"}, "start": 1756826805812, "stop": 1756826810315, "uuid": "5957b9fb-42a7-4bc0-ad0c-21dbf1388600", "historyId": "93c89b554555979635862db277c7f66b", "testCaseId": "93c89b554555979635862db277c7f66b", "fullName": "tests.test_login#test_empty_both_fields", "labels": [{"name": "tag", "value": "negative"}, {"name": "parentSuite", "value": "tests"}, {"name": "suite", "value": "test_login"}, {"name": "host", "value": "HP"}, {"name": "thread", "value": "3884-MainThread"}, {"name": "framework", "value": "pytest"}, {"name": "language", "value": "cpython3"}, {"name": "package", "value": "tests.test_login"}]}